<?xml version="1.0" encoding="UTF-8"?>
<!-- Generated by org.testng.reporters.JUnitReportReporter -->
<testsuite hostname="DESKTOP-8MQCQIK" failures="0" tests="1" name="cart" time="13.332" errors="0" timestamp="2025-04-20T17:42:05 EET" skipped="0">
  <testcase classname="cart" name="testAddProductToCart" time="13.332"/>
</testsuite> <!-- cart -->
