<?xml version="1.0" encoding="UTF-8"?>
<!-- Generated by org.testng.reporters.JUnitReportReporter -->
<testsuite hostname="DESKTOP-8MQCQIK" failures="0" tests="4" name="ContactTest" time="5.055" errors="0" timestamp="2025-04-20T17:41:11 EET" skipped="0">
  <testcase classname="ContactTest" name="testContactwithinvalidemailformat" time="0.975"/>
  <testcase classname="ContactTest" name="testContactwithvalidemailandmessage" time="1.063"/>
  <testcase classname="ContactTest" name="testContactsuccessfully" time="1.928"/>
  <testcase classname="ContactTest" name="testContactwithblankfields" time="1.089"/>
</testsuite> <!-- ContactTest -->
